<?xml version="1.0" encoding="UTF-8"?>
<!-- Generated by org.testng.reporters.JUnitReportReporter -->
<testsuite hostname="piki-PC" name="com.comcastnew.objectrepositorylib.Createproject" tests="1" failures="0" timestamp="7 Mar 2019 18:07:39 GMT" time="11.855" errors="0">
  <testcase name="creatPurchaseorder" time="11.855" classname="com.comcastnew.objectrepositorylib.Createproject"/>
</testsuite> <!-- com.comcastnew.objectrepositorylib.Createproject -->
