<?xml version="1.0" encoding="UTF-8"?>
<!-- Generated by org.testng.reporters.JUnitReportReporter -->
<testsuite hostname="piki-PC" name="com.comcastnew.createpo.CreatePurchaseorder" tests="1" failures="0" timestamp="21 Mar 2019 03:09:02 GMT" time="63.216" errors="0">
  <testcase name="creatPurchaseorder" time="63.216" classname="com.comcastnew.createpo.CreatePurchaseorder"/>
</testsuite> <!-- com.comcastnew.createpo.CreatePurchaseorder -->
